<?xml version="1.0" encoding="UTF-8"?>
<!-- Generated by org.testng.reporters.JUnitXMLReporter -->
<testsuite hostname="DESKTOP-8R9F2IH" ignored="1" name="Test" tests="9" failures="1" timestamp="12 Apr 2019 14:40:30 GMT" time="0.191" errors="0">
  <testcase name="Demo5" time="0.013" classname="Test.day2"/>
  <testcase name="demo6" time="0.008" classname="Test.day2"/>
  <testcase name="temo3" time="0.003" classname="Test.day2"/>
  <testcase name="Demo2" time="0.002" classname="Test.day2"/>
  <testcase name="Demo" time="0.002" classname="Test.day1"/>
  <testcase name="Demo2Test" time="0.005" classname="Test.day1"/>
  <testcase name="Demo2Test" time="0.003" classname="Test.day1"/>
  <testcase name="Demo2Test" time="0.002" classname="Test.day1"/>
  <testcase name="lastexecution" time="0.015" classname="Test.day1">
    <failure type="java.lang.AssertionError" message="expected [true] but found [false]">
      <![CDATA[java.lang.AssertionError: expected [true] but found [false]
at Test.day1.lastexecution(day1.java:29)
... Removed 29 stack frames]]>
    </failure>
  </testcase> <!-- lastexecution -->
  <testcase name="demo7" time="0.0" classname="Test.day2">
    <ignored/>
  </testcase> <!-- demo7 -->
</testsuite> <!-- Test -->
